Build started 2016-04-01 오후 4:09:40.
     1>Project "C:\Users\성빈\C++\Study\Study\Study.vcxproj" on node 2 (Build target(s)).
     1>ClCompile:
         C:\Program Files (x86)\Microsoft Visual Studio 12.0\VC\bin\CL.exe /c /ZI /nologo /W3 /WX- /sdl /Od /Oy- /D WIN32 /D _DEBUG /D _CONSOLE /D _LIB /D _UNICODE /D UNICODE /Gm /EHsc /RTC1 /MDd /GS /fp:precise /Zc:wchar_t /Zc:forScope /Fo"Debug\\" /Fd"Debug\vc120.pdb" /Gd /TP /analyze- /errorReport:prompt 3.cpp
         3.cpp
     1>c:\users\성빈\c++\study\study\3.cpp(26): error C3861: 'ft': identifier not found
     1>Done Building Project "C:\Users\성빈\C++\Study\Study\Study.vcxproj" (Build target(s)) -- FAILED.

Build FAILED.

Time Elapsed 00:00:00.40
