Build started 2016-04-18 오후 3:23:26.
     1>Project "C:\Users\성빈\C++\discrete\discrete\discrete.vcxproj" on node 2 (Build target(s)).
     1>ClCompile:
         C:\Program Files (x86)\Microsoft Visual Studio 12.0\VC\bin\CL.exe /c /ZI /nologo /W3 /WX- /sdl /Od /Oy- /D WIN32 /D _DEBUG /D _CONSOLE /D _LIB /D _UNICODE /D UNICODE /Gm /EHsc /RTC1 /MDd /GS /fp:precise /Zc:wchar_t /Zc:forScope /Fo"Debug\\" /Fd"Debug\vc120.pdb" /Gd /TP /analyze- /errorReport:prompt Source.cpp
         Source.cpp
     1>c:\users\성빈\c++\discrete\discrete\source.cpp(10): error C2655: 'C::x' : definition or redeclaration illegal in current scope
                 c:\users\성빈\c++\discrete\discrete\source.cpp(6) : see declaration of 'C::x'
     1>c:\users\성빈\c++\discrete\discrete\source.cpp(10): error C2086: 'int C::x' : redefinition
                 c:\users\성빈\c++\discrete\discrete\source.cpp(6) : see declaration of 'x'
     1>c:\users\성빈\c++\discrete\discrete\source.cpp(11): error C2248: 'C::x' : cannot access private member declared in class 'C'
                 c:\users\성빈\c++\discrete\discrete\source.cpp(6) : see declaration of 'C::x'
                 c:\users\성빈\c++\discrete\discrete\source.cpp(5) : see declaration of 'C'
     1>Done Building Project "C:\Users\성빈\C++\discrete\discrete\discrete.vcxproj" (Build target(s)) -- FAILED.

Build FAILED.

Time Elapsed 00:00:00.36
